# JRE version: OpenJDK Runtime Environment (8.0_242-b01) (build 1.8.0_242-release-1644-b01)
# Java VM: OpenJDK 64-Bit Server VM (25.242-b01 mixed mode windows-amd64 compressed oops)
Heap:
 PSYoungGen      total 207872K, used 197840K [0x00000000e0000000, 0x00000000f0480000, 0x0000000100000000)
  eden space 185344K, 97% used [0x00000000e0000000,0x00000000eb0e9590,0x00000000eb500000)
  from space 22528K, 74% used [0x00000000eb500000,0x00000000ec54abd0,0x00000000ecb00000)
  to   space 23552K, 0% used [0x00000000eed80000,0x00000000eed80000,0x00000000f0480000)
 ParOldGen       total 143872K, used 35477K [0x00000000a0000000, 0x00000000a8c80000, 0x00000000e0000000)
  object space 143872K, 24% used [0x00000000a0000000,0x00000000a22a5458,0x00000000a8c80000)
 Metaspace       used 70531K, capacity 73320K, committed 73472K, reserved 1112064K
  class space    used 9589K, capacity 10151K, committed 10240K, reserved 1048576K
GC Heap History (10 events):
Event: 8.061 GC heap before
{Heap before GC invocations=10 (full 2):
 PSYoungGen      total 113664K, used 100352K [0x00000000e0000000, 0x00000000ebc80000, 0x0000000100000000)
  eden space 100352K, 100% used [0x00000000e0000000,0x00000000e6200000,0x00000000e6200000)
  from space 13312K, 0% used [0x00000000e6200000,0x00000000e6200000,0x00000000e6f00000)
  to   space 13824K, 0% used [0x00000000eaf00000,0x00000000eaf00000,0x00000000ebc80000)
 ParOldGen       total 96768K, used 18396K [0x00000000a0000000, 0x00000000a5e80000, 0x00000000e0000000)
  object space 96768K, 19% used [0x00000000a0000000,0x00000000a11f71e0,0x00000000a5e80000)
 Metaspace       used 43818K, capacity 45092K, committed 45184K, reserved 1087488K
  class space    used 5946K, capacity 6241K, committed 6272K, reserved 1048576K
Event: 8.071 GC heap after
Heap after GC invocations=10 (full 2):
 PSYoungGen      total 160256K, used 12527K [0x00000000e0000000, 0x00000000ebb80000, 0x0000000100000000)
  eden space 147456K, 0% used [0x00000000e0000000,0x00000000e0000000,0x00000000e9000000)
  from space 12800K, 97% used [0x00000000eaf00000,0x00000000ebb3bd68,0x00000000ebb80000)
  to   space 15360K, 0% used [0x00000000e9d80000,0x00000000e9d80000,0x00000000eac80000)
 ParOldGen       total 96768K, used 18404K [0x00000000a0000000, 0x00000000a5e80000, 0x00000000e0000000)
  object space 96768K, 19% used [0x00000000a0000000,0x00000000a11f91e0,0x00000000a5e80000)
 Metaspace       used 43818K, capacity 45092K, committed 45184K, reserved 1087488K
  class space    used 5946K, capacity 6241K, committed 6272K, reserved 1048576K
}
Event: 10.052 GC heap before
{Heap before GC invocations=11 (full 2):
 PSYoungGen      total 160256K, used 159983K [0x00000000e0000000, 0x00000000ebb80000, 0x0000000100000000)
  eden space 147456K, 100% used [0x00000000e0000000,0x00000000e9000000,0x00000000e9000000)
  from space 12800K, 97% used [0x00000000eaf00000,0x00000000ebb3bd68,0x00000000ebb80000)
  to   space 15360K, 0% used [0x00000000e9d80000,0x00000000e9d80000,0x00000000eac80000)
 ParOldGen       total 96768K, used 18404K [0x00000000a0000000, 0x00000000a5e80000, 0x00000000e0000000)
  object space 96768K, 19% used [0x00000000a0000000,0x00000000a11f91e0,0x00000000a5e80000)
 Metaspace       used 53452K, capacity 55154K, committed 55296K, reserved 1097728K
  class space    used 7186K, capacity 7617K, committed 7680K, reserved 1048576K
Event: 10.070 GC heap after
Heap after GC invocations=11 (full 2):
 PSYoungGen      total 176640K, used 15330K [0x00000000e0000000, 0x00000000ede80000, 0x0000000100000000)
  eden space 161280K, 0% used [0x00000000e0000000,0x00000000e0000000,0x00000000e9d80000)
  from space 15360K, 99% used [0x00000000e9d80000,0x00000000eac78bc8,0x00000000eac80000)
  to   space 19968K, 0% used [0x00000000ecb00000,0x00000000ecb00000,0x00000000ede80000)
 ParOldGen       total 96768K, used 25555K [0x00000000a0000000, 0x00000000a5e80000, 0x00000000e0000000)
  object space 96768K, 26% used [0x00000000a0000000,0x00000000a18f4ca8,0x00000000a5e80000)
 Metaspace       used 53452K, capacity 55154K, committed 55296K, reserved 1097728K
  class space    used 7186K, capacity 7617K, committed 7680K, reserved 1048576K
}
Event: 11.170 GC heap before
{Heap before GC invocations=12 (full 2):
 PSYoungGen      total 176640K, used 72618K [0x00000000e0000000, 0x00000000ede80000, 0x0000000100000000)
  eden space 161280K, 35% used [0x00000000e0000000,0x00000000e37f1df0,0x00000000e9d80000)
  from space 15360K, 99% used [0x00000000e9d80000,0x00000000eac78bc8,0x00000000eac80000)
  to   space 19968K, 0% used [0x00000000ecb00000,0x00000000ecb00000,0x00000000ede80000)
 ParOldGen       total 96768K, used 25555K [0x00000000a0000000, 0x00000000a5e80000, 0x00000000e0000000)
  object space 96768K, 26% used [0x00000000a0000000,0x00000000a18f4ca8,0x00000000a5e80000)
 Metaspace       used 57147K, capacity 59038K, committed 59136K, reserved 1099776K
  class space    used 7705K, capacity 8152K, committed 8192K, reserved 1048576K
Event: 11.183 GC heap after
Heap after GC invocations=12 (full 2):
 PSYoungGen      total 205312K, used 19967K [0x00000000e0000000, 0x00000000ef580000, 0x0000000100000000)
  eden space 185344K, 0% used [0x00000000e0000000,0x00000000e0000000,0x00000000eb500000)
  from space 19968K, 99% used [0x00000000ecb00000,0x00000000ede7fc98,0x00000000ede80000)
  to   space 22528K, 0% used [0x00000000eb500000,0x00000000eb500000,0x00000000ecb00000)
 ParOldGen       total 96768K, used 25937K [0x00000000a0000000, 0x00000000a5e80000, 0x00000000e0000000)
  object space 96768K, 26% used [0x00000000a0000000,0x00000000a19544a0,0x00000000a5e80000)
 Metaspace       used 57147K, capacity 59038K, committed 59136K, reserved 1099776K
  class space    used 7705K, capacity 8152K, committed 8192K, reserved 1048576K
}
Event: 11.183 GC heap before
{Heap before GC invocations=13 (full 3):
 PSYoungGen      total 205312K, used 19967K [0x00000000e0000000, 0x00000000ef580000, 0x0000000100000000)
  eden space 185344K, 0% used [0x00000000e0000000,0x00000000e0000000,0x00000000eb500000)
  from space 19968K, 99% used [0x00000000ecb00000,0x00000000ede7fc98,0x00000000ede80000)
  to   space 22528K, 0% used [0x00000000eb500000,0x00000000eb500000,0x00000000ecb00000)
 ParOldGen       total 96768K, used 25937K [0x00000000a0000000, 0x00000000a5e80000, 0x00000000e0000000)
  object space 96768K, 26% used [0x00000000a0000000,0x00000000a19544a0,0x00000000a5e80000)
 Metaspace       used 57147K, capacity 59038K, committed 59136K, reserved 1099776K
  class space    used 7705K, capacity 8152K, committed 8192K, reserved 1048576K
Event: 11.399 GC heap after
Heap after GC invocations=13 (full 3):
 PSYoungGen      total 205312K, used 0K [0x00000000e0000000, 0x00000000ef580000, 0x0000000100000000)
  eden space 185344K, 0% used [0x00000000e0000000,0x00000000e0000000,0x00000000eb500000)
  from space 19968K, 0% used [0x00000000ecb00000,0x00000000ecb00000,0x00000000ede80000)
  to   space 22528K, 0% used [0x00000000eb500000,0x00000000eb500000,0x00000000ecb00000)
 ParOldGen       total 143872K, used 35469K [0x00000000a0000000, 0x00000000a8c80000, 0x00000000e0000000)
  object space 143872K, 24% used [0x00000000a0000000,0x00000000a22a3458,0x00000000a8c80000)
 Metaspace       used 57097K, capacity 58870K, committed 59136K, reserved 1099776K
  class space    used 7690K, capacity 8124K, committed 8192K, reserved 1048576K
}
Event: 14.739 GC heap before
{Heap before GC invocations=14 (full 3):
 PSYoungGen      total 205312K, used 185344K [0x00000000e0000000, 0x00000000ef580000, 0x0000000100000000)
  eden space 185344K, 100% used [0x00000000e0000000,0x00000000eb500000,0x00000000eb500000)
  from space 19968K, 0% used [0x00000000ecb00000,0x00000000ecb00000,0x00000000ede80000)
  to   space 22528K, 0% used [0x00000000eb500000,0x00000000eb500000,0x00000000ecb00000)
 ParOldGen       total 143872K, used 35469K [0x00000000a0000000, 0x00000000a8c80000, 0x00000000e0000000)
  object space 143872K, 24% used [0x00000000a0000000,0x00000000a22a3458,0x00000000a8c80000)
 Metaspace       used 64819K, capacity 67440K, committed 67456K, reserved 1107968K
  class space    used 8809K, capacity 9339K, committed 9344K, reserved 1048576K
Event: 14.763 GC heap after
Heap after GC invocations=14 (full 3):
 PSYoungGen      total 207872K, used 16682K [0x00000000e0000000, 0x00000000f0480000, 0x0000000100000000)
  eden space 185344K, 0% used [0x00000000e0000000,0x00000000e0000000,0x00000000eb500000)
  from space 22528K, 74% used [0x00000000eb500000,0x00000000ec54abd0,0x00000000ecb00000)
  to   space 23552K, 0% used [0x00000000eed80000,0x00000000eed80000,0x00000000f0480000)
 ParOldGen       total 143872K, used 35477K [0x00000000a0000000, 0x00000000a8c80000, 0x00000000e0000000)
  object space 143872K, 24% used [0x00000000a0000000,0x00000000a22a5458,0x00000000a8c80000)
 Metaspace       used 64819K, capacity 67440K, committed 67456K, reserved 1107968K
  class space    used 8809K, capacity 9339K, committed 9344K, reserved 1048576K
}

